client/app/build/intermediates/manifest_merge_blame_file/release/manifest-merger-blame-release-report.txt
1<?xml version="1.0" encoding="utf-8"?>
2<manifest xmlns:android="http://schemas.android.com/apk/res/android"
3    package="com.example.kotlinmessenger"
4    android:versionCode="1"
5    android:versionName="1.0" >
6
7    <uses-sdk
8        android:minSdkVersion="19"
8-->src\main\AndroidManifest.xml
9        android:targetSdkVersion="29" />
9-->src\main\AndroidManifest.xml
10
11    <uses-permission android:name="android.permission.INTERNET" />
11-->src\main\AndroidManifest.xml:5:5-67
11-->src\main\AndroidManifest.xml:5:22-64
12
13    <application
13-->src\main\AndroidManifest.xml:7:5-24:19
14        android:allowBackup="true"
14-->src\main\AndroidManifest.xml:8:9-35
15        android:appComponentFactory="androidx.core.app.CoreComponentFactory"
15-->[androidx.core:core:1.0.2] AndroidManifest.xml:22:18-86
16        android:icon="@mipmap/ic_launcher"
16-->src\main\AndroidManifest.xml:9:9-43
17        android:label="@string/app_name"
17-->src\main\AndroidManifest.xml:10:9-41
18        android:roundIcon="@mipmap/ic_launcher_round"
18-->src\main\AndroidManifest.xml:11:9-54
19        android:supportsRtl="true"
19-->src\main\AndroidManifest.xml:12:9-35
20        android:testOnly="true"
21        android:theme="@style/AppTheme"
21-->src\main\AndroidManifest.xml:13:9-40
22        android:usesCleartextTraffic="true" >
22-->src\main\AndroidManifest.xml:14:9-44
23        <activity android:name="com.example.kotlinmessenger.LatestMessagesActivity" />
23-->src\main\AndroidManifest.xml:15:9-69
23-->src\main\AndroidManifest.xml:15:19-57
24        <activity android:name="com.example.kotlinmessenger.SignInActivity" >
24-->src\main\AndroidManifest.xml:16:9-22:20
24-->src\main\AndroidManifest.xml:16:19-49
25            <intent-filter>
25-->src\main\AndroidManifest.xml:17:13-21:29
26                <action android:name="android.intent.action.MAIN" />
26-->src\main\AndroidManifest.xml:18:17-69
26-->src\main\AndroidManifest.xml:18:25-66
27
28                <category android:name="android.intent.category.LAUNCHER" />
28-->src\main\AndroidManifest.xml:20:17-77
28-->src\main\AndroidManifest.xml:20:27-74
29            </intent-filter>
30        </activity>
31        <activity android:name="com.example.kotlinmessenger.SignUpActivity" />
31-->src\main\AndroidManifest.xml:23:9-61
31-->src\main\AndroidManifest.xml:23:19-49
32    </application>
33
34</manifest>